[debug] [2023-01-19T04:30:57.370Z] ----------------------------------------------------------------------
[debug] [2023-01-19T04:30:57.372Z] Command:       C:\Program Files\nodejs\node.exe C:\Users\xgame\AppData\Roaming\npm\node_modules\firebase-tools\lib\bin\firebase.js init
[debug] [2023-01-19T04:30:57.373Z] CLI Version:   11.19.0
[debug] [2023-01-19T04:30:57.373Z] Platform:      win32
[debug] [2023-01-19T04:30:57.373Z] Node Version:  v18.12.1
[debug] [2023-01-19T04:30:57.374Z] Time:          Wed Jan 18 2023 20:30:57 GMT-0800 (Pacific Standard Time)
[debug] [2023-01-19T04:30:57.375Z] ----------------------------------------------------------------------
[debug] 
[debug] [2023-01-19T04:30:57.379Z] >>> [apiv2][query] GET https://firebase-public.firebaseio.com/cli.json [none]
[debug] [2023-01-19T04:30:57.436Z] > command requires scopes: ["email","openid","https://www.googleapis.com/auth/cloudplatformprojects.readonly","https://www.googleapis.com/auth/firebase","https://www.googleapis.com/auth/cloud-platform"]
[debug] [2023-01-19T04:30:57.436Z] > authorizing via signed-in user (fundondoh@gmail.com)
[info] 
     ######## #### ########  ######## ########     ###     ######  ########
     ##        ##  ##     ## ##       ##     ##  ##   ##  ##       ##
     ######    ##  ########  ######   ########  #########  ######  ######
     ##        ##  ##    ##  ##       ##     ## ##     ##       ## ##
     ##       #### ##     ## ######## ########  ##     ##  ######  ########

You're about to initialize a Firebase project in this directory:

  C:\Users\xgame\Downloads\software\android\map_app

[debug] [2023-01-19T04:30:58.166Z] <<< [apiv2][status] GET https://firebase-public.firebaseio.com/cli.json 200
[debug] [2023-01-19T04:30:58.169Z] <<< [apiv2][body] GET https://firebase-public.firebaseio.com/cli.json {"cloudBuildErrorAfter":1594252800000,"cloudBuildWarnAfter":1590019200000,"defaultNode10After":1594252800000,"minVersion":"3.0.5","node8DeploysDisabledAfter":1613390400000,"node8RuntimeDisabledAfter":1615809600000,"node8WarnAfter":1600128000000}
